# JRE version: OpenJDK Runtime Environment (8.0_152-b01) (build 1.8.0_152-release-915-b01)
# Java VM: OpenJDK 64-Bit Server VM (25.152-b01 mixed mode windows-amd64 compressed oops)
Heap:
 PSYoungGen      total 418816K, used 299492K [0x00000000e0000000, 0x00000000fd800000, 0x0000000100000000)
  eden space 396288K, 69% used [0x00000000e0000000,0x00000000f0eded00,0x00000000f8300000)
  from space 22528K, 98% used [0x00000000f9a00000,0x00000000faf9a598,0x00000000fb000000)
  to   space 40960K, 0% used [0x00000000fb000000,0x00000000fb000000,0x00000000fd800000)
 ParOldGen       total 162816K, used 110826K [0x00000000a0000000, 0x00000000a9f00000, 0x00000000e0000000)
  object space 162816K, 68% used [0x00000000a0000000,0x00000000a6c3a9d8,0x00000000a9f00000)
 Metaspace       used 89599K, capacity 97842K, committed 97920K, reserved 1134592K
  class space    used 11326K, capacity 13169K, committed 13184K, reserved 1048576K
GC Heap History (10 events):
Event: 385.623 GC heap before
{Heap before GC invocations=45 (full 4):
 PSYoungGen      total 482816K, used 461658K [0x00000000e0000000, 0x00000000ffa80000, 0x0000000100000000)
  eden space 451072K, 99% used [0x00000000e0000000,0x00000000fb808478,0x00000000fb880000)
  from space 31744K, 34% used [0x00000000fdb80000,0x00000000fe64e740,0x00000000ffa80000)
  to   space 33792K, 0% used [0x00000000fb880000,0x00000000fb880000,0x00000000fd980000)
 ParOldGen       total 162816K, used 96835K [0x00000000a0000000, 0x00000000a9f00000, 0x00000000e0000000)
  object space 162816K, 59% used [0x00000000a0000000,0x00000000a5e90c30,0x00000000a9f00000)
 Metaspace       used 87314K, capacity 93996K, committed 94336K, reserved 1130496K
  class space    used 11034K, capacity 12577K, committed 12672K, reserved 1048576K
Event: 385.639 GC heap after
Heap after GC invocations=45 (full 4):
 PSYoungGen      total 484864K, used 28138K [0x00000000e0000000, 0x0000000100000000, 0x0000000100000000)
  eden space 451072K, 0% used [0x00000000e0000000,0x00000000e0000000,0x00000000fb880000)
  from space 33792K, 83% used [0x00000000fb880000,0x00000000fd3fabb0,0x00000000fd980000)
  to   space 37376K, 0% used [0x00000000fdb80000,0x00000000fdb80000,0x0000000100000000)
 ParOldGen       total 162816K, used 96843K [0x00000000a0000000, 0x00000000a9f00000, 0x00000000e0000000)
  object space 162816K, 59% used [0x00000000a0000000,0x00000000a5e92c30,0x00000000a9f00000)
 Metaspace       used 87314K, capacity 93996K, committed 94336K, reserved 1130496K
  class space    used 11034K, capacity 12577K, committed 12672K, reserved 1048576K
}
Event: 490.578 GC heap before
{Heap before GC invocations=46 (full 4):
 PSYoungGen      total 484864K, used 479210K [0x00000000e0000000, 0x0000000100000000, 0x0000000100000000)
  eden space 451072K, 100% used [0x00000000e0000000,0x00000000fb880000,0x00000000fb880000)
  from space 33792K, 83% used [0x00000000fb880000,0x00000000fd3fabb0,0x00000000fd980000)
  to   space 37376K, 0% used [0x00000000fdb80000,0x00000000fdb80000,0x0000000100000000)
 ParOldGen       total 162816K, used 96843K [0x00000000a0000000, 0x00000000a9f00000, 0x00000000e0000000)
  object space 162816K, 59% used [0x00000000a0000000,0x00000000a5e92c30,0x00000000a9f00000)
 Metaspace       used 87429K, capacity 94164K, committed 94336K, reserved 1130496K
  class space    used 11055K, capacity 12630K, committed 12672K, reserved 1048576K
Event: 490.585 GC heap after
Heap after GC invocations=46 (full 4):
 PSYoungGen      total 488448K, used 13017K [0x00000000e0000000, 0x00000000fff80000, 0x0000000100000000)
  eden space 451584K, 0% used [0x00000000e0000000,0x00000000e0000000,0x00000000fb900000)
  from space 36864K, 35% used [0x00000000fdb80000,0x00000000fe836770,0x00000000fff80000)
  to   space 35328K, 0% used [0x00000000fb900000,0x00000000fb900000,0x00000000fdb80000)
 ParOldGen       total 162816K, used 96851K [0x00000000a0000000, 0x00000000a9f00000, 0x00000000e0000000)
  object space 162816K, 59% used [0x00000000a0000000,0x00000000a5e94c30,0x00000000a9f00000)
 Metaspace       used 87429K, capacity 94164K, committed 94336K, reserved 1130496K
  class space    used 11055K, capacity 12630K, committed 12672K, reserved 1048576K
}
Event: 4013.934 GC heap before
{Heap before GC invocations=47 (full 4):
 PSYoungGen      total 488448K, used 464601K [0x00000000e0000000, 0x00000000fff80000, 0x0000000100000000)
  eden space 451584K, 100% used [0x00000000e0000000,0x00000000fb900000,0x00000000fb900000)
  from space 36864K, 35% used [0x00000000fdb80000,0x00000000fe836770,0x00000000fff80000)
  to   space 35328K, 0% used [0x00000000fb900000,0x00000000fb900000,0x00000000fdb80000)
 ParOldGen       total 162816K, used 96851K [0x00000000a0000000, 0x00000000a9f00000, 0x00000000e0000000)
  object space 162816K, 59% used [0x00000000a0000000,0x00000000a5e94c30,0x00000000a9f00000)
 Metaspace       used 89005K, capacity 97024K, committed 97152K, reserved 1132544K
  class space    used 11276K, capacity 13058K, committed 13184K, reserved 1048576K
Event: 4013.954 GC heap after
Heap after GC invocations=47 (full 4):
 PSYoungGen      total 459776K, used 27597K [0x00000000e0000000, 0x00000000ff100000, 0x0000000100000000)
  eden space 432128K, 0% used [0x00000000e0000000,0x00000000e0000000,0x00000000fa600000)
  from space 27648K, 99% used [0x00000000fb900000,0x00000000fd3f3760,0x00000000fd400000)
  to   space 29696K, 0% used [0x00000000fd400000,0x00000000fd400000,0x00000000ff100000)
 ParOldGen       total 162816K, used 96859K [0x00000000a0000000, 0x00000000a9f00000, 0x00000000e0000000)
  object space 162816K, 59% used [0x00000000a0000000,0x00000000a5e96c30,0x00000000a9f00000)
 Metaspace       used 89005K, capacity 97024K, committed 97152K, reserved 1132544K
  class space    used 11276K, capacity 13058K, committed 13184K, reserved 1048576K
}
Event: 4016.738 GC heap before
{Heap before GC invocations=48 (full 4):
 PSYoungGen      total 459776K, used 459725K [0x00000000e0000000, 0x00000000ff100000, 0x0000000100000000)
  eden space 432128K, 100% used [0x00000000e0000000,0x00000000fa600000,0x00000000fa600000)
  from space 27648K, 99% used [0x00000000fb900000,0x00000000fd3f3760,0x00000000fd400000)
  to   space 29696K, 0% used [0x00000000fd400000,0x00000000fd400000,0x00000000ff100000)
 ParOldGen       total 162816K, used 96859K [0x00000000a0000000, 0x00000000a9f00000, 0x00000000e0000000)
  object space 162816K, 59% used [0x00000000a0000000,0x00000000a5e96c30,0x00000000a9f00000)
 Metaspace       used 89233K, capacity 97300K, committed 97664K, reserved 1134592K
  class space    used 11277K, capacity 13060K, committed 13184K, reserved 1048576K
Event: 4016.761 GC heap after
Heap after GC invocations=48 (full 4):
 PSYoungGen      total 443392K, used 29689K [0x00000000e0000000, 0x00000000ff100000, 0x0000000100000000)
  eden space 413696K, 0% used [0x00000000e0000000,0x00000000e0000000,0x00000000f9400000)
  from space 29696K, 99% used [0x00000000fd400000,0x00000000ff0fe470,0x00000000ff100000)
  to   space 44544K, 0% used [0x00000000f9a00000,0x00000000f9a00000,0x00000000fc580000)
 ParOldGen       total 162816K, used 106161K [0x00000000a0000000, 0x00000000a9f00000, 0x00000000e0000000)
  object space 162816K, 65% used [0x00000000a0000000,0x00000000a67ac7d0,0x00000000a9f00000)
 Metaspace       used 89233K, capacity 97300K, committed 97664K, reserved 1134592K
  class space    used 11277K, capacity 13060K, committed 13184K, reserved 1048576K
}
Event: 4018.742 GC heap before
{Heap before GC invocations=49 (full 4):
 PSYoungGen      total 443392K, used 442413K [0x00000000e0000000, 0x00000000ff100000, 0x0000000100000000)
  eden space 413696K, 99% used [0x00000000e0000000,0x00000000f930d090,0x00000000f9400000)
  from space 29696K, 99% used [0x00000000fd400000,0x00000000ff0fe470,0x00000000ff100000)
  to   space 44544K, 0% used [0x00000000f9a00000,0x00000000f9a00000,0x00000000fc580000)
 ParOldGen       total 162816K, used 106161K [0x00000000a0000000, 0x00000000a9f00000, 0x00000000e0000000)
  object space 162816K, 65% used [0x00000000a0000000,0x00000000a67ac7d0,0x00000000a9f00000)
 Metaspace       used 89299K, capacity 97320K, committed 97664K, reserved 1134592K
  class space    used 11278K, capacity 13062K, committed 13184K, reserved 1048576K
Event: 4018.756 GC heap after
Heap after GC invocations=49 (full 4):
 PSYoungGen      total 418816K, used 22121K [0x00000000e0000000, 0x00000000fd800000, 0x0000000100000000)
  eden space 396288K, 0% used [0x00000000e0000000,0x00000000e0000000,0x00000000f8300000)
  from space 22528K, 98% used [0x00000000f9a00000,0x00000000faf9a598,0x00000000fb000000)
  to   space 40960K, 0% used [0x00000000fb000000,0x00000000fb000000,0x00000000fd800000)
 ParOldGen       total 162816K, used 110826K [0x00000000a0000000, 0x00000000a9f00000, 0x00000000e0000000)
  object space 162816K, 68% used [0x00000000a0000000,0x00000000a6c3a9d8,0x00000000a9f00000)
 Metaspace       used 89299K, capacity 97320K, committed 97664K, reserved 1134592K
  class space    used 11278K, capacity 13062K, committed 13184K, reserved 1048576K
}

